<?xml version="1.0" encoding="UTF-8"?>
<testng-results skipped="0" failed="0" total="1" passed="1">
  <reporter-output>
  </reporter-output>
  <suite name="Default suite" duration-ms="160" started-at="2018-04-25T01:00:59Z" finished-at="2018-04-25T01:00:59Z">
    <groups>
    </groups>
    <test name="Default test" duration-ms="160" started-at="2018-04-25T01:00:59Z" finished-at="2018-04-25T01:00:59Z">
      <class name="org.practise.sprint7.PractiseOne">
        <test-method status="PASS" signature="testOne()[pri:0, instance:org.practise.sprint7.PractiseOne@1e4b452]" name="testOne" duration-ms="140" started-at="2018-04-25T06:30:59Z" finished-at="2018-04-25T06:30:59Z">
          <reporter-output>
          </reporter-output>
        </test-method> <!-- testOne -->
      </class> <!-- org.practise.sprint7.PractiseOne -->
    </test> <!-- Default test -->
  </suite> <!-- Default suite -->
</testng-results>
